<?xml version="1.0" encoding="UTF-8"?>
<!-- Generated by org.testng.reporters.JUnitReportReporter -->
<testsuite hostname="LAPTOP-9OQBLNCE" failures="0" tests="4" name="demoblaze_TestNG.DemoBlaze_Test" time="43.417" errors="0" timestamp="2023-05-02T23:26:41 IST" skipped="0">
  <testcase classname="demoblaze_TestNG.DemoBlaze_Test" name="invokeBrowser" time="13.287"/>
  <system-out/>
  <testcase classname="demoblaze_TestNG.DemoBlaze_Test" name="greetingUser" time="13.246"/>
  <system-out/>
  <testcase classname="demoblaze_TestNG.DemoBlaze_Test" name="signUp" time="4.126"/>
  <system-out/>
  <testcase classname="demoblaze_TestNG.DemoBlaze_Test" name="verifyName" time="12.758"/>
  <system-out/>
</testsuite> <!-- demoblaze_TestNG.DemoBlaze_Test -->
